[    0.000000] Initializing cgroup subsys cpuset
[    0.000000] Initializing cgroup subsys cpu
[    0.000000] Initializing cgroup subsys cpuacct
[    0.000000] Linux version 4.4.0-127-generic (buildd@lcy01-amd64-023) (gcc version 5.4.0 20160609 (Ubuntu 5.4.0-6ubuntu1~16.04.9) ) #153-Ubuntu SMP Sat May 19 10:58:46 UTC 2018 (Ubuntu 4.4.0-127.153-generic 4.4.128)
[    0.000000] Command line: BOOT_IMAGE=/boot/vmlinuz-4.4.0-127-generic root=LABEL=cloudimg-rootfs ro console=tty1 console=ttyS0
[    0.000000] KERNEL supported cpus:
[    0.000000]   Intel GenuineIntel
[    0.000000]   AMD AuthenticAMD
[    0.000000]   Centaur CentaurHauls
[    0.000000] x86/fpu: xstate_offset[2]:  576, xstate_sizes[2]:  256
[    0.000000] x86/fpu: Supporting XSAVE feature 0x01: 'x87 floating point registers'
[    0.000000] x86/fpu: Supporting XSAVE feature 0x02: 'SSE registers'
[    0.000000] x86/fpu: Supporting XSAVE feature 0x04: 'AVX registers'
[    0.000000] x86/fpu: Enabled xstate features 0x7, context size is 832 bytes, using 'standard' format.
[    0.000000] x86/fpu: Using 'lazy' FPU context switches.
[    0.000000] e820: BIOS-provided physical RAM map:
[    0.000000] BIOS-e820: [mem 0x0000000000000000-0x000000000009fbff] usable
[    0.000000] BIOS-e820: [mem 0x000000000009fc00-0x000000000009ffff] reserved
[    0.000000] BIOS-e820: [mem 0x00000000000f0000-0x00000000000fffff] reserved
[    0.000000] BIOS-e820: [mem 0x0000000000100000-0x000000003ffeffff] usable
[    0.000000] BIOS-e820: [mem 0x000000003fff0000-0x000000003fffffff] ACPI data
[    0.000000] BIOS-e820: [mem 0x00000000fec00000-0x00000000fec00fff] reserved
[    0.000000] BIOS-e820: [mem 0x00000000fee00000-0x00000000fee00fff] reserved
[    0.000000] BIOS-e820: [mem 0x00000000fffc0000-0x00000000ffffffff] reserved
[    0.000000] NX (Execute Disable) protection: active
[    0.000000] SMBIOS 2.5 present.
[    0.000000] Hypervisor detected: KVM
[    0.000000] e820: last_pfn = 0x3fff0 max_arch_pfn = 0x400000000
[    0.000000] MTRR: Disabled
[    0.000000] x86/PAT: MTRRs disabled, skipping PAT initialization too.
[    0.000000] CPU MTRRs all blank - virtualized system.
[    0.000000] x86/PAT: Configuration [0-7]: WB  WT  UC- UC  WB  WT  UC- UC  
[    0.000000] found SMP MP-table at [mem 0x0009fff0-0x0009ffff] mapped at [ffff88000009fff0]
[    0.000000] Scanning 1 areas for low memory corruption
[    0.000000] RAMDISK: [mem 0x36abe000-0x37556fff]
[    0.000000] ACPI: Early table checksum verification disabled
[    0.000000] ACPI: RSDP 0x00000000000E0000 000024 (v02 VBOX  )
[    0.000000] ACPI: XSDT 0x000000003FFF0030 00003C (v01 VBOX   VBOXXSDT 00000001 ASL  00000061)
[    0.000000] ACPI: FACP 0x000000003FFF00F0 0000F4 (v04 VBOX   VBOXFACP 00000001 ASL  00000061)
[    0.000000] ACPI: DSDT 0x000000003FFF0470 0021FF (v02 VBOX   VBOXBIOS 00000002 INTL 20180209)
[    0.000000] ACPI: FACS 0x000000003FFF0200 000040
[    0.000000] ACPI: FACS 0x000000003FFF0200 000040
[    0.000000] ACPI: APIC 0x000000003FFF0240 00005C (v02 VBOX   VBOXAPIC 00000001 ASL  00000061)
[    0.000000] ACPI: SSDT 0x000000003FFF02A0 0001CC (v01 VBOX   VBOXCPUT 00000002 INTL 20180209)
[    0.000000] No NUMA configuration found
[    0.000000] Faking a node at [mem 0x0000000000000000-0x000000003ffeffff]
[    0.000000] NODE_DATA(0) allocated [mem 0x3ffeb000-0x3ffeffff]
[    0.000000] kvm-clock: Using msrs 4b564d01 and 4b564d00
[    0.000000] kvm-clock: cpu 0, msr 0:3ffe3001, primary cpu clock
[    0.000000] kvm-clock: using sched offset of 3579962437 cycles
[    0.000000] clocksource: kvm-clock: mask: 0xffffffffffffffff max_cycles: 0x1cd42e4dffb, max_idle_ns: 881590591483 ns
[    0.000000] Zone ranges:
[    0.000000]   DMA      [mem 0x0000000000001000-0x0000000000ffffff]
[    0.000000]   DMA32    [mem 0x0000000001000000-0x000000003ffeffff]
[    0.000000]   Normal   empty
[    0.000000]   Device   empty
[    0.000000] Movable zone start for each node
[    0.000000] Early memory node ranges
[    0.000000]   node   0: [mem 0x0000000000001000-0x000000000009efff]
[    0.000000]   node   0: [mem 0x0000000000100000-0x000000003ffeffff]
[    0.000000] Initmem setup node 0 [mem 0x0000000000001000-0x000000003ffeffff]
[    0.000000] ACPI: PM-Timer IO Port: 0x4008
[    0.000000] IOAPIC[0]: apic_id 2, version 32, address 0xfec00000, GSI 0-23
[    0.000000] ACPI: INT_SRC_OVR (bus 0 bus_irq 0 global_irq 2 dfl dfl)
[    0.000000] ACPI: INT_SRC_OVR (bus 0 bus_irq 9 global_irq 9 low level)
[    0.000000] Using ACPI (MADT) for SMP configuration information
[    0.000000] smpboot: Allowig 2 CPUs, 0 hotplug CPUs
[    0.000000] PM: Registered nosave memory: [mem 0x00000000-0x00000fff]
[    0.000000] PM: Registered nosave memory: [mem 0x0009f000-0x0009ffff]
[    0.000000] PM: Registered nosave memory: [mem 0x000a0000-0x000effff]
[    0.000000] PM: Registered nosave memory: [mem 0x000f0000-0x000fffff]
[    0.000000] e820: [mem 0x40000000-0xfebfffff] available for PCI devices
[    0.000000] Booting paravirtualized kernel on KVM
[    0.000000] clocksource: refined-jiffies: mask: 0xffffffff max_cycles: 0xffffffff, max_idle_ns: 7645519600211568 ns
[    0.000000] setup_percpu: NR_CPUS:512 nr_cpumask_bits:512 nr_cpu_ids:2 nr_node_ids:1
[    0.000000] PERCPU: Embedded 34 pages/cpu @ffff88003fc00000 s99544 r8192 d31528 u1048576
[    0.000000] PV qspinlock hash table entries: 256 (order: 0, 4096 bytes)
[    0.000000] Built 1 zonelists in Node order, mobility grouping on.  Total pages: 257912
[    0.000000] Policy zone: DMA32
[    0.000000] Kernel command line: BOOT_IMAGE=/boot/vmlinuz-4.4.0-127-generic root=LABEL=cloudimg-rootfs ro console=tty1 console=ttyS0
[    0.000000] PID hash table entries: 4096 (order: 3, 32768 bytes)
[    0.000000] Memory: 1001668K/1048120K available (8537K kernel code, 1313K rwdata, 4000K rodata, 1512K init, 1316K bss, 46452K reserved, 0K cma-reserved)
[    0.000000] SLUB: HWalign=64, Order=0-3, MinObjects=0, CPUs=2, Nodes=1
[    0.000000] Kernel/User page tables isolation: enabled
[    0.000000] Hierarchical RCU implementation.
[    0.000000] 	Build-time adjustment of leaf fanout to 64.
[    0.000000] 	RCU restricting CPUs from NR_CPUS=512 to nr_cpu_ids=2.
[    0.000000] RCU: Adjusting geometry for rcu_fanout_leaf=64, nr_cpu_ids=2
[    0.000000] NR_IRQS:33024 nr_irqs:440 16
[    0.000000] Console: colour VGA+ 80x25
[    0.000000] console [tty1] enabled
[    0.000000] console [ttyS0] enabled
[    0.000000] tsc: Detected 1995.380 MHz processor
[    0.977547] Calibrating delay loop (skipped) preset value.. 3990.76 BogoMIPS (lpj=7981520)
[    0.980897] pid_max: default: 32768 minimum: 301
[    0.982204] ACPI: Core revision 20150930
[    0.985829] ACPI: 2 ACPI AML tables successfully acquired and loaded
[    1.036159] Security Framework initialized
[    1.091900] Yama: becoming mindful.
[    1.113783] AppArmor: AppArmor initialized
[    1.156021] Dentry cache hash table entries: 131072 (order: 8, 1048576 bytes)
[    1.177531] Inode-cache hash table entries: 65536 (order: 7, 524288 bytes)
[    1.212281] Mount-cache hash table entries: 2048 (order: 2, 16384 bytes)
[    1.237675] Mountpoint-cache hash table entries: 2048 (order: 2, 16384 bytes)
[    1.241503] Initializing cgroup subsys io
[    1.243575] Initializing cgroup subsys memory
[    1.247158] Initializing cgroup subsys devices
[    1.263948] Initializing cgroup subsys freezer
[    1.275733] Initializing cgroup subsys net_cls
[    1.280616] Initializing cgroup subsys perf_event
[    1.282904] Initializing cgroup subsys net_prio
[    1.285199] Initializing cgroup subsys hugetlb
[    1.287417] Initializing cgroup subsys pids
[    1.298163] CPU: Physical Processor ID: 0
[    1.300237] CPU: Processor Core ID: 0
[    1.303346] mce: CPU supports 0 MCE banks
[    1.305574] Last level iTLB entries: 4KB 64, 2MB 8, 4MB 8
[    1.308387] Last level dTLB entries: 4KB 64, 2MB 0, 4MB 0, 1GB 4
[    1.343344] Spectre V2 : Mitigation: Full generic retpoline
[    1.374668] Spectre V2 : Speculation control IBPB not-supported IBRS not-supported
[    1.411183] Speculative Store Bypass: Vulnerable
[    1.419008] Freeing SMP alternatives memory: 32K
[    1.467170] ftrace: allocating 32237 entries in 126 pages
[    1.553375] smpboot: APIC(0) Converting physical 0 to logical package 0
[    1.589288] smpboot: Max logical packages: 1
[    1.592118] x2apic enabled
[    1.594046] Switched APIC routing to physical x2apic.
[    1.598773] ..TIMER: vector=0x30 apic1=0 pin1=2 apic2=-1 pin2=-1
[    1.714718] smpboot: CPU0: Intel(R) Core(TM) i3-5005U CPU @ 2.00GHz (family: 0x6, model: 0x3d, stepping: 0x4)
[    1.775968] Performance Events: unsupported p6 CPU model 61 no PMU driver, software events only.
[    1.780652] KVM setup paravirtual spinlock
[    1.784097] x86: Booting SMP configuration:
[    1.815223] .... node  #0, CPUs:      #1
[    1.835818] kvm-clock: cpu 1, msr 0:3ffe3041, secondary cpu clock
[    1.953143] mce: CPU supports 0 MCE banks
[    2.047138] x86: Booted up 1 node, 2 CPUs
[    2.089385] smpboot: Total of 2 processors activated (7981.52 BogoMIPS)
[    2.126543] devtmpfs: initialized
[    2.131619] evm: security.selinux
[    2.135031] evm: security.SMACK64
[    2.156669] evm: security.SMACK64EXEC
[    2.158831] evm: security.SMACK64TRANSMUTE
[    2.184059] evm: security.SMACK64MMAP
[    2.212224] evm: security.ima
[    2.213503] evm: security.capability
[    2.216523] clocksource: jiffies: mask: 0xffffffff max_cycles: 0xffffffff, max_idle_ns: 7645041785100000 ns
[    2.219722] futex hash table entries: 512 (order: 3, 32768 bytes)
[    2.222013] pinctrl core: initialized pinctrl subsystem
[    2.224927] RTC time: 13:00:19, date: 06/02/18
[    2.226651] NET: Registered protocol family 16
[    2.250947] cpuidle: using governor ladder
[    2.274979] cpuidle: using governor menu
[    2.289263] PCCT header not found.
[    2.296158] ACPI: bus type PCI registered
[    2.297667] acpiphp: ACPI Hot Plug PCI Controller Driver version: 0.5
[    2.300042] PCI: Using configuration type 1 for base access
[    2.344107] ACPI: Added _OSI(Module Device)
[    2.357953] ACPI: Added _OSI(Processor Device)
[    2.376798] ACPI: Added _OSI(3.0 _SCP Extensions)
[    2.401667] ACPI: Added _OSI(Processor Aggregator Device)
[    2.404236] ACPI: Executed 1 blocks of module-level executable AML code
[    2.450850] ACPI: Interpreter enabled
[    2.453147] ACPI: (supports S0 S5)
[    2.459931] ACPI: Using IOAPIC for interrupt routing
[    2.481083] PCI: Using host bridge windows from ACPI; if necessary, use "pci=nocrs" and report a bug
[    2.521181] ACPI: PCI Root Bridge [PCI0] (domain 0000 [bus 00-ff])
[    2.536001] acpi PNP0A03:00: _OSC: OS supports [ASPM ClockPM Segments MSI]
[    2.542899] acpi PNP0A03:00: _OSC: not requesting OS control; OS requires [ExtendedConfig ASPM ClockPM MSI]
[    2.565513] acpi PNP0A03:00: fail to add MMCONFIG information, can't access extended PCI configuration space under this bridge.
[    2.618365] PCI host bridge to bus 0000:00
[    2.621025] pci_bus 0000:00: root bus resource [io  0x0000-0x0cf7 window]
[    2.633041] pci_bus 0000:00: root bus resource [io  0x0d00-0xffff window]
[    2.636308] pci_bus 0000:00: root bus resource [mem 0x000a0000-0x000bffff window]
[    2.639168] pci_bus 0000:00: root bus resource [mem 0x40000000-0xfdffffff window]
[    2.641924] pci_bus 0000:00: root bus resource [bus 00-ff]
[    2.646490] pci 0000:00:01.1: legacy IDE quirk: reg 0x10: [io  0x01f0-0x01f7]
[    2.673464] pci 0000:00:01.1: legacy IDE quirk: reg 0x14: [io  0x03f6]
[    2.681939] pci 0000:00:01.1: legacy IDE quirk: reg 0x18: [io  0x0170-0x0177]
[    2.714725] pci 0000:00:01.1: legacy IDE quirk: reg 0x1c: [io  0x0376]
[    2.764515] pci 0000:00:07.0: quirk: [io  0x4000-0x403f] claimed by PIIX4 ACPI
[    2.800954] pci 0000:00:07.0: quirk: [io  0x4100-0x410f] claimed by PIIX4 SMB
[    2.817797] ACPI: PCI Interrupt Link [LNKA] (IRQs 5 9 10 *11)
[    2.840064] ACPI: PCI Interrupt Link [LNKB] (IRQs 5 9 *10 11)
[    2.848209] ACPI: PCI Interrupt Link [LNKC] (IRQs 5 *9 10 11)
[    2.864596] ACPI: PCI Interrupt Link [LNKD] (IRQs 5 9 10 *11)
[    2.873960] ACPI: Enabled 2 GPEs in block 00 to 07
[    2.903796] vgaarb: setting as boot device: PCI:0000:00:02.0
[    2.954598] vgaarb: device added: PCI:0000:00:02.0,decodes=io+mem,owns=io+mem,locks=none
[    3.009548] vgaarb: loaded
[    3.023469] vgaarb: bridge control possible 0000:00:02.0
[    3.039911] SCSI subsystem initialized
[    3.065188] ACPI: bus type USB registered
[    3.075010] usbcore: registered new interface driver usbfs
[    3.095577] usbcore: registered new interface driver hub
[    3.106410] usbcore: registered new device driver usb
[    3.114136] PCI: Using ACPI for IRQ routing
[    3.121057] NetLabel: Initializing
[    3.124177] NetLabel:  domain hash size = 128
[    3.125480] NetLabel:  protocols = UNLABELED CIPSOv4
[    3.126933] NetLabel:  unlabeled traffic allowed by default
[    3.146146] amd_nb: Cannot enumerate AMD northbridges
[    3.153316] clocksource: Switched to clocksource kvm-clock
[    3.169670] AppArmor: AppArmor Filesystem Enabled
[  384731] pnp: PnP ACPI init
[   .4561]npPnACI:ou 3eves
[    4.052072] clocksource: acpi_pm: mask: 0xffffff max_cycles: 0xffffff, max_idle_ns: 2085701024 ns
[    4.155083] NET: Registered protocol family 2
[    4.195372] TCP established hash table entries: 8192 (order: 4, 65536 bytes)
[    4.215436] TCP bind hash table entries: 8192 (order: 5, 131072 bytes)
[    4.315162] TCP: Hash tables configured (established 8192 bind 8192)
[    4.316889] UDP hash table entries: 512 (order: 2, 16384 bytes)
[    4.318515] UDP-Lite hash table entries: 512 (order: 2, 16384 bytes)
[    4.344798] NET: Registered protocol family 1
[    4.346167] pci 0000:00:00.0: Limiting direct PCI/PCI transfers
[    4.347858] pci 0000:00:01.0: Activating ISA DMA hang workarounds
[    4.349700] Unpacking initramfs...
[    7.108288] Freeing initrd memory: 10852K
[    7.143985] RAPL PMU detected, API unit is 2^-32 Joules, 4 fixed counters 10737418240 ms ovfl timer
[    7.147829] hw unit of domain pp0-core 2^-0 Joules
[    7.152596] hw unit of domain package 2^-0 Joules
[    7.153999] hw unit of domain dram 2^-0 Joules
[    7.155280] hw unit of domain pp1-gpu 2^-0 Joules
[    7.156709] platform rtc_cmos: registered platform RTC device (no PNP device found)
[    7.160415] Scanning for low memory corruption every 60 seconds
[    7.177892] audit: initializing netlink subsys (disabled)
[    7.204993] audit: type=2000 audit(1527944427.883:1): initialized
[    7.207147] Initialise system trusted keyring
[    7.215441] HugeTLB registered 2 MB page size, pre-allocated 0 pages
[    7.220475] zbud: loaded
[    7.223781] VFS: Disk quotas dquot_6.6.0
[    7.246587] VFS: Dquot-cache hash table entries: 512 (order 0, 4096 bytes)
[    7.248820] squashfs: version 4.0 (2009/01/31) Phillip Lougher
[    7.267133] fuse init (API version 7.23)
[    7.271724] Key type big_key registered
[    7.274048] Allocating IMA MOK and blacklist keyrings.
[    7.284379] Key type asymmetric registered
[    7.292791] Asymmetric key parser 'x509' registered
[    7.365426] Block layer SCSI generic (bsg) driver version 0.4 loaded (major 249)
[    7.435878] io scheduler noop registered
[    7.462083] io scheduler deadline registered (default)
[    7.494625] io scheduler cfq registered
[    7.506534] pci_hotplug: PCI Hot Plug PCI Core version: 0.5
[    7.639864] pciehp: PCI Express Hot Plug Controller Driver version: 0.4
[    7.733310] ACPI: AC Adapter [AC] (on-line)
[    7.866392] input: Power Button as /devices/LNXSYSTM:00/LNXPWRBN:00/input/input0
[    8.284993] tsc: Refined TSC clocksource calibration: 1995.376 MHz
[    8.287920] clocksource: tsc: mask: 0xffffffffffffffff max_cycles: 0x39863c423f0, max_idle_ns: 881590675958 ns
[    8.287975] ACPI: Power Button [PWRF]
[    8.288150] input: Sleep Button as /devices/LNXSYSTM:00/LNXSLPBN:00/input/input1
[    8.288154] ACPI: Sleep Button [SLPF]
[    8.289608] ACPI: Battery Slot [BAT0] (battery present)
[    8.289674] GHES: HEST is not enabled!
[    8.605264] Serial: 8250/16550 driver, 32 ports, IRQ sharing enabled
[    8.827774] 00:02: ttyS0 at I/O 0x3f8 (irq = 4, base_baud = 115200) is a 16550A
[    9.176387] Linux agpgart interface v0.103
[    9.203757] loop: module loaded
[    9.204792] scsi host0: ata_piix
[    9.204920] scsi host1: ata_piix
[    9.204989] ata1: PATA max UDMA/33 cmd 0x1f0 ctl 0x3f6 bmdma 0xd000 irq 14
[    9.204991] ata2: PATA max UDMA/33 cmd 0x170 ctl 0x376 bmdma 0xd008 irq 15
[    9.205151] libphy: Fixed MDIO Bus: probed
[    9.205154] tun: Universal TUN/TAP device driver, 1.6
[    9.205155] tun: (C) 1999-2004 Max Krasnyansky <maxk@qualcomm.com>
[    9.205721] PPP generic driver version 2.4.2
[    9.205837] ehci_hcd: USB 2.0 'Enhanced' Host Controller (EHCI) Driver
[    9.205844] ehci-pci: EHCI PCI platform driver
[    9.205870] ehci-platform: EHCI generic platform driver
[    9.205882] ohci_hcd: USB 1.1 'Open' Host Controller (OHCI) Driver
[    9.205887] ohci-pci: OHCI PCI platform driver
[    9.205903] ohci-platform: OHCI generic platform driver
[    9.205918] uhci_hcd: USB Universal Host Controller Interface driver
[    9.206031] i8042: PNP: PS/2 Controller [PNP0303:PS2K,PNP0f03:PS2M] at 0x60,0x64 irq 1,12
[    9.206908] serio: i8042 KBD port at 0x60,0x64 irq 1
[    9.206917] serio: i8042 AUX port at 0x60,0x64 irq 12
[    9.207139] mousedev: PS/2 mouse device common for all mice
[    9.207675] input: AT Translated Set 2 keyboard as /devices/platform/i8042/serio0/input/input2
[    9.208215] rtc_cmos rtc_cmos: rtc core: registered rtc_cmos as rtc0
[    9.208319] rtc_cmos rtc_cmos: alarms up to one day, 114 bytes nvram
[    9.208332] i2c /dev entries driver
[    9.208514] device-mapper: uevent: version 1.0.3
[    9.208653] device-mapper: ioctl: 4.34.0-ioctl (2015-10-28) initialised: dm-devel@redhat.com
[    9.208682] ledtrig-cpu: registered to indicate activity on CPUs
[    9.209734] NET: Registered protocol family 10
[    9.210042] NET: Registered protocol family 17
[    9.210059] Key type dns_resolver registered
[    9.210539] registered taskstats version 1
[    9.210573] Loading compiled-in X.509 certificates
[    9.212015] Loaded X.509 cert 'Build time autogenerated kernel key: 9f6f572a3ee0cb468eb8db4aa61815bc74ef6adb'
[    9.212053] zswap: loaded using pool lzo/zbud
[    9.215034] Key type trusted registered
[    9.219515] Key type encrypted registered
[    9.219524] AppArmor: AppArmor sha1 policy hashing enabled
[    9.219530] ima: No TPM chip found, activating TPM-bypass!
[    9.219556] evm: HMAC attrs: 0x1
[    9.219969]   Magic number: 6:488:27
[    9.234528] rtc_cmos rtc_cmos: setting system clock to 2018-06-02 13:00:26 UTC (1527944426)
[    9.234721] BIOS EDD facility v0.16 2004-Jun-25, 0 devices found
[    9.234722] EDD information not available.
[   10.977327] Freeing unused kernel memory: 1512K
[   11.417917] Write protecting the kernel read-only data: 14336k
[   11.486598] Freeing unused kernel memory: 1692K
[   11.496589] Freeing unused kernel memory: 96K
Loading, please wait...
starting version[   11.618053] random: systemd-udevd: uninitialized urandom read (16 bytes read, 7 bits of entropy available)
 229
[   11.619960] random: udevadm: uninitialized urandom read (16 bytes read, 7 bits of entropy available)
[   11.620007] random: udevadm: uninitialized urandom read (16 bytes read, 7 bits of entropy available)
[   11.640428] random: udevadm: uninitialized urandom read (16 bytes read, 7 bits of entropy available)
[   11.640489] random: udevadm: uninitialized urandom read (16 bytes read, 7 bits of entropy available)
[   11.640677] random: udevadm: uninitialized urandom read (16 bytes read, 7 bits of entropy available)
[   11.640746] random: udevadm: uninitialized urandom read (16 bytes read, 7 bits of entropy available)
[   11.640816] random: udevadm: uninitialized urandom read (16 bytes read, 7 bits of entropy available)
[   11.640884] random: udevadm: uninitialized urandom read (16 bytes read, 7 bits of entropy available)
[   11.640950] random: udevadm: uninitialized urandom read (16 bytes read, 7 bits of entropy available)
[   11.788614] e1000: Intel(R) PRO/1000 Network Driver - version 7.3.21-k8-NAPI
[   11.915086] e1000: Copyright (c) 1999-2006 Intel Corporation.
[   11.982607] AVX2 version of gcm_enc/dec engaged.
[   11.995879] Fusion MPT base driver 3.04.20
[   11.995880] Copyright (c) 1999-2008 LSI Corporation
[   12.040031] AES CTR mode by8 optimization enabled
[   12.059894] Fusion MPT SPI Host driver 3.04.20
[   12.179387] input: ImExPS/2 Generic Explorer Mouse as /devices/platform/i8042/serio1/input/input4
[   12.414695] e1000 0000:00:03.0 eth0: (PCI:33MHz:32-bit) 02:de:8a:5b:94:29
[   12.655232] e1000 0000:00:03.0 eth0: Intel(R) PRO/1000 Network Connection
[   12.659484] mptbase: ioc0: Initiating bringup
[   12.663326] e1000 0000:00:03.0 enp0s3: renamed from eth0
[   12.729856] ioc0: LSI53C1030 A0: Capabilities={Initiator}
[   12.978697] scsi host2: ioc0: LSI53C1030 A0, FwRev=00000000h, Ports=1, MaxQ=256, IRQ=20
[   13.358131] scsi 2:0:0:0: Direct-Access     VBOX     HARDDISK         1.0  PQ: 0 ANSI: 5
[   13.509672] scsi target2:0:0: Beginning Domain Validation
[   13.645986] scsi target2:0:0: Domain Validation skipping write tests
[   13.966588] scsi target2:0:0: Ending Domain Validation
[   13.981890] scsi target2:0:0: asynchronous
[   13.992783] scsi 2:0:1:0: Direct-Access     VBOX     HARDDISK         1.0  PQ: 0 ANSI: 5
[   13.996264] scsi target2:0:1: Beginning Domain Validation
[   13.999946] scsi target2:0:1: Domain Validation skipping write tests
[   14.075952] scsi target2:0:1: Ending Domain Validation
[   14.077930] scsi target2:0:1: asynchronous
[   14.086947] sd 2:0:0:0: [sda] 20971520 512-byte logical blocks: (10.7 GB/10.0 GiB)
[   14.099991] sd 2:0:0:0: Attached scsi generic sg0 type 0
[   14.107687] sd 2:0:0:0: [sda] Write Protect is off
[   14.108516] sd 2:0:1:0: [sdb] 20480 512-byte logical blocks: (10.5 MB/10.0 MiB)
[   14.108770] sd 2:0:1:0: [sdb] Write Protect is off
[   14.108880] sd 2:0:1:0: [sdb] Incomplete mode parameter data
[   14.108882] sd 2:0:1:0: [sdb] Assuming drive cache: write through
[   14.109644] sd 2:0:1:0: Attached scsi generic sg1 type 0
[   14.158006] sd 2:0:1:0: [sdb] Attached SCSI disk
[   14.459585] sd 2:0:0:0: [sda] Incomplete mode parameter data
[   14.471522] sd 2:0:0:0: [sda] Assuming drive cache: write through
[   14.513014]  sda: sda1
[   14.526211] sd 2:0:0:0: [sda] Attached SCSI disk
Begin: Loading e[   16.021053] md: linear personality registered for level -1
ssential drivers ... [   16.091319] md: multipath personality registered for level -4
[   16.122681] md: raid0 personality registered for level 0
[   16.358778] md: raid1 personality registered for level 1
[   16.449382] raid6: sse2x1   gen()  5711 MB/s
[   16.553407] raid6: sse2x1   xor()  4193 MB/s
[   16.643610] raid6: sse2x2   gen()  5914 MB/s
[   16.713362] raid6: sse2x2   xor()  4817 MB/s
[   16.789345] raid6: sse2x4   gen()  8395 MB/s
[   16.865361] raid6: sse2x4   xor()  5498 MB/s
[   16.937362] raid6: avx2x1   gen() 10735 MB/s
[   17.045363] raid6: avx2x2   gen() 12778 MB/s
[   17.125390] raid6: avx2x4   gen() 15019 MB/s
[   17.139545] raid6: using algorithm avx2x4 gen() 15019 MB/s
[   17.143259] raid6: using avx2x2 recovery algorithm
[   17.149134] xor: automatically using best checksumming function:
[   17.213883]    avx       : 23310.000 MB/sec
[   17.287249] async_tx: api initialized (async)
[   17.315990] md: raid6 personality registered for level 6
[   17.331593] md: raid5 personality registered for level 5
[   17.356456] md: raid4 personality registered for level 4
[   17.368312] md: raid10 personality registered for level 10
done.
Begin: Running /scripts/init-premount ... done.
Begin: Mounting root file system ... Begin: Running /scripts/local-top ... done.
Begin: Running /scripts/local-premount ... [   17.781895] Btrfs loaded
Scanning for Btrfs filesystems
done.
Warning: fsck not present, so skipping root file system
[   17.976727] EXT4-fs (sda1): mounted filesystem with ordered data mode. Opts: (null)
done.
Begin: Running /scripts/local-bottom ... done.
Begin: Running /scripts/init-bottom ... done.
[   18.683504] random: nonblocking pool is initialized
[   18.967046] systemd[1]: systemd 229 running in system mode. (+PAM +AUDIT +SELINUX +IMA +APPARMOR +SMACK +SYSVINIT +UTMP +LIBCRYPTSETUP +GCRYPT +GNUTLS +ACL +XZ -LZ4 +SECCOMP +BLKID +ELFUTILS +KMOD -IDN)
[   19.196111] systemd[1]: Detected virtualization oracle.
[   19.246001] systemd[1]: Detected architecture x86-64.

Welcome to [1mUbuntu 16.04.4 LTS[0m!

[   19.526259] systemd[1]: Set hostname to <ubuntu-xenial>.
[   20.943487] systemd[1]: Listening on LVM2 metadata daemon socket.
[[0;32m  OK  [0m] Listening on LVM2 metadata daemon socket.
[   20.989770] systemd[1]: Listening on udev Control Socket.
[[0;32m  OK  [0m] Listening on udev Control Socket.
[   21.074478] systemd[1]: Set up automount Arbitrary Executable File Formats File System Automount Point.
[[0;32m  OK  [0m] Set up automount Arbitrary Executab...ats File System Automount Point.
[   21.533522] systemd[1]: Reached target User and Group Name Lookups.
[[0;32m  OK  [0m] Reached target User and Group Name Lookups.
[   21.542283] systemd[1]: Listening on Journal Socket.
[[0;32m  OK  [0m] Listening on Journal Socket.
[   21.552479] systemd[1]: Started Forward Password Requests to Wall Directory Watch.
[[0;32m  OK  [0m] Started Forward Password Requests to Wall Directory Watch.
[   21.713646] systemd[1]: Reached target Swap.
[[0;32m  OK  [0m] Reached target Swap.
[   21.797885] systemd[1]: Listening on Journal Socket (/dev/log).
[[0;32m  OK  [0m] Listening on Journal Socket (/dev/log).
[   22.121693] systemd[1]: Listening on Device-mapper event daemon FIFOs.
[[0;32m  OK  [0m] Listening on Device-mapper event daemon FIFOs.
[   22.240811] systemd[1]: Listening on LVM2 poll daemon socket.
[[0;32m  OK  [0m] Listening on LVM2 poll daemon socket.
[   22.309279] systemd[1]: Listening on Journal Audit Socket.
[[0;32m  OK  [0m] Listening on Journal Audit Socket.
[   22.349731] systemd[1]: Listening on /dev/initctl Compatibility Named Pipe.
[[0;32m  OK  [0m] Listening on /dev/initctl Compatibility Named Pipe.
[   22.589414] systemd[1]: Started Trigger resolvconf update for networkd DNS.
[[0;32m  OK  [0m] Started Trigger resolvconf update for networkd DNS.
[   22.637733] systemd[1]: Listening on Syslog Socket.
[[0;32m  OK  [0m] Listening on Syslog Socket.
[   22.827564] systemd[1]: Listening on udev Kernel Socket.
[[0;32m  OK  [0m] Listening on udev Kernel Socket.
[   22.939662] systemd[1]: Created slice User and Session Slice.
[[0;32m  OK  [0m] Created slice User and Session Slice.
[   23.081732] systemd[1]: Reached target Encrypted Volumes.
[[0;32m  OK  [0m] Reached target Encrypted Volumes.
[   23.173841] systemd[1]: Created slice System Slice.
[[0;32m  OK  [0m] Created slice System Slice.
[   23.449747] systemd[1]: Starting Uncomplicated firewall...
         Starting Uncomplicated firewall...
[   23.527671] systemd[1]: Starting Monitoring of LVM2 mirrors, snapshots etc. using dmeventd or progress polling...
         Starting Monitoring of LVM2 mirrors... dmeventd or progress polling...
[   23.636982] systemd[1]: Reached target Slices.
[[0;32m  OK  [0m] Reached target Slices.
[   23.729838] systemd[1]: Starting Journal Service...
         Starting Journal Service...
[   23.766986] systemd[1]: Mounting Debug File System...
         Mounting Debug File System...
[   23.897993] systemd[1]: Starting Load Kernel Modules...
         Starting Load Kernel Modules...
[   23.942656] Loading iSCSI transport class v2.0-870.
[   23.973628] systemd[1]: Starting Remount Root and Kernel File Systems...
[   23.993568] iscsi: registered transport (tcp)
         Starting Remount Root a[   24.052040] EXT4-fs (sda1): re-mounted. Opts: (null)
nd Kernel File Systems...
[   24.131909] systemd[1]: Created slice system-serial\x2dgetty.slice.
[[0;32m  OK  [0m] Created slice system-serial\x2dgetty.slice.
[   24.194346] iscsi: registered transport (iser)
[   24.201613] systemd[1]: Mounting POSIX Message Queue File System...
         Mounting POSIX Message Queue File System...
[   24.495865] systemd[1]: Starting Create list of required static device nodes for the current kernel...
         Starting Create list of required st... nodes for the current kernel...
[   24.833745] systemd[1]: Mounting Huge Pages File System...
         Mounting Huge Pages File System...
[   25.045885] systemd[1]: Starting Set console keymap...
         Starting Set console keymap...
[   25.373876] systemd[1]: Starting Nameserver information manager...
         Starting Nameserver information manager...
[   25.529603] systemd[1]: Reached target System Time Synchronized.
[[0;32m  OK  [0m] Reached target System Time Synchronized.
[   25.686658] systemd[1]: Mounted POSIX Message Queue File System.
[[0;32m  OK  [0m] Mounted POSIX Message Queue File System.
[   25.725829] systemd[1]: Mounted Huge Pages File System.
[[0;32m  OK  [0m] Mounted Huge Pages File System.
[   25.777631] systemd[1]: Mounted Debug File System.
[[0;32m  OK  [0m] Mounted Debug File System.
[   25.977951] systemd[1]: Started Journal Service.
[[0;32m  OK  [0m] Started Journal Service.
[[0;32m  OK  [0m] Started Uncomplicated firewall.
[[0;32m  OK  [0m] Started Load Kernel Modules.
[[0;32m  OK  [0m] Started Remount Root and Kernel File Systems.
[[0;32m  OK  [0m] Started Create list of required sta...ce nodes for the current kernel.
[[0;32m  OK  [0m] Started Set console keymap.
[[0;32m  OK  [0m] Started Nameserver information manager.
[[0;32m  OK  [0m] Started LVM2 metadata daemon.
         Starting Create Static Device Nodes in /dev...
         Starting Load/Save Random Seed...
         Starting udev Coldplug all Devices...
         Starting Apply Kernel Variables...
         Mounting FUSE Control File System...
         Starting Flush Journal to Persistent Storage...
[[0;32m  OK  [0m] Mounted FUSE Control File System.
[[0;32m  OK  [0m] Started Load/Save Random Seed.
[[0;32m  OK  [0m] Started Apply Kernel Variables.
[[0;32m  OK  [0m] Started Monitoring of LVM2 mirrors,...ng dmeventd or progress polling.
[[0;32m  OK  [0m] Started udev Coldplug all Devices.
[[0;32m  OK  [0m] Started Flush Journal to Persistent Storage.
[[0;32m  OK  [0m] Started Create Static Device Nodes in /dev.
         Starting udev Kernel Device Manager...
[[0;32m  OK  [0m] Started udev Kernel Device Manager.
[[0;32m  OK  [0m] Started Dispatch Password Requests to Console Directory Watch.
[[0;32m  OK  [0m] Reached target Local File Systems (Pre).
[[0;32m  OK  [0m] Reached target Local File Systems.
         Starting LSB: AppArmor initialization...
         Starting Create Volatile Files and Directories...
         Starting Tell Plymouth To Write Out Runtime Data...
         Starting Initial cloud-init job (pre-networking)...
         Starting Set console font and keymap...
[[0;32m  OK  [0m] Started Tell Plymouth To Write Out Runtime Data.
[[0;32m  OK  [0m] Started Create Volatile Files and Directories.
         Starting Update UTMP about System Boot/Shutdown...
[[0;32m  OK  [0m] Found device /dev/ttyS0.
[[0;32m  OK  [0m] Started Update UTMP about System Boot/Shutdown.
[[0;32m  OK  [0m] Found device 82540EM Gigabit Ethern...r (PRO/1000 MT Desktop Adapter).
[[0;32m  OK  [0m] Listening on Load/Save RF Kill Switch Status /dev/rfkill Watch.
[[0;32m  OK  [0m] Started LSB: AppArmor initialization.
[[0;32m  OK  [0m] Started Set console font and keymap.
[[0;32m  OK  [0m] Created slice system-getty.slice.
[   30.210423] cloud-init[485]: Cloud-init v. 18.2 running 'init-local' at Sat, 02 Jun 2018 13:00:49 +0000. Up 29.50 seconds.
[[0;32m  OK  [0m] Started Initial cloud-init job (pre-networking).
[[0;32m  OK  [0m] Reached target Network (Pre).
[[0;32m  OK  [0m] Started ifup for enp0s3.
         Starting Raise network interfaces...
[[0;32m  OK  [0m] Started Raise network interfaces.
[[0;32m  OK  [0m] Reached target Network.
         Starting Initial cloud-init job (metadata service crawler)...
[   32.081805] cloud-init[993]: Cloud-init v. 18.2 running 'init' at Sat, 02 Jun 2018 13:00:50 +0000. Up 31.17 seconds.
[   32.240719] cloud-init[993]: ci-info: +++++++++++++++++++++++++++++++++++++Net device info++++++++++++++++++++++++++++++++++++++
[   32.344376] [cloud-init[0;32m  OK  [0m[993]: ] ci-info: +--------+------+----------------------------+---------------+-------+-------------------+Started Initial cloud-init job (metadata service crawler).

[   32.345137] cloud-init[993]: ci-info: | Device |  Up  |          Address           |      Mask     | Scope |     Hw-Address    |
[   32.608448] [cloud-init[0;32m  OK  [0m[993]: ] ci-info: +--------+------+----------------------------+---------------+-------+-------------------+Reached target System Initialization.

[[0;32m  OK  [0m] Listening on ACPID Listen Socket.
[   32.609131] cloud-init[993]: ci-info: | enp0s3 | True |         10.0.2.15          | 255.255.255.0 |   .   | 02:de:8a:5b:94:29 |
[   32.656224]          cloud-initStarting Socket activation for snappy daemon.[993]: 
ci-info: | enp0s3 | True | fe80::de:8aff:fe5b:9429/64 |       .       |  link | 02:de:8a:5b:94:29 |
[   32.674138] [cloud-init[0;32m  OK  [0m[993]: ] ci-info: |   lo   | True |         127.0.0.1          |   255.0.0.0   |   .   |         .         |Listening on UUID daemon activation socket.

[   32.674782] [cloud-init[0;32m  OK  [0m[993]: ] ci-info: |   lo   | True |          ::1/128           |       .       |  host |         .         |Listening on D-Bus System Message Bus Socket.

[   32.680108] cloud-init[993]: ci-info: +--------+------+----------------------------+---------------+-------+-------------------+
[   32.788601] [cloud-init[0;32m  OK  [0m[993]: ] ci-info: +++++++++++++++++++++++++++Route IPv4 info++++++++++++++++++++++++++++Started Daily apt download activities.

[[0;32m  OK  [0m] Started Daily apt upgrade and clean activities.
[   32.789308] cloud-init[993]: ci-info: +-------+-------------+----------+---------------+-----------+-------+
[   32.987218] cloud-init[993]: ci-info: | Route | Destination | Gateway  |    Genmask    | Interface | Flags |
         Starting LXD - unix socket.
[   32.988284] cloud-init[993]: ci-info: +-------+-------------+----------+---------------+-----------+-------+
[   33.136573] [cloud-init[0;32m  OK  [0m[993]: ] ci-info: |   0   |   0.0.0.0   | 10.0.2.2 |    0.0.0.0    |   enp0s3  |   UG  |Started ACPI Events Check.

[[0;32m  OK  [0m] Reached target Paths.
[[0;32m  OK  [0m] Started Daily Cleanup of Temporary Directories.
[   33.137247] cloud-init[993]: ci-info: |   1   |   10.0.2.0  | 0.0.0.0  | 255.255.255.0 |   enp0s3  |   U   |
[   33.394962] [cloud-init[0;32m  OK  [0m[993]: ] ci-info: +-------+-------------+----------+---------------+-----------+-------+Reached target Timers.

[[0;32m  OK  [0m] Reached target Cloud-config availability.
[[0;32m  OK  [0m] Reached target Network is Online.
         Starting iSCSI initiator daemon (iscsid)...
[[0;32m  OK  [0m] Listening on Socket activation for snappy daemon.
[[0;32m  OK  [0m] Listening on LXD - unix socket.
[[0;32m  OK  [0m] Reached target Sockets.
[[0;32m  OK  [0m] Reached target Basic System.
[[0;32m  OK  [0m] Started Unattended Upgrades Shutdown.
[[0;32m  OK  [0m] Started Deferred execution scheduler.
         Starting MySQL Community Server...
         Starting /etc/rc.local Compatibility...
[[0;32m  OK  [0m] Started D-Bus System Message Bus.
         Starting Login Service...
         Starting Accounts Service...
[[0;32m  OK  [0m] Started Regular background program processing daemon.
[[0;32m  OK  [0m] Started ACPI event daemon.
[[0;32m  OK  [0m] Started FUSE filesystem for LXC.
         Starting Virtualbox guest utils...
         Starting OpenBSD Secure Shell server...
         Starting LSB: MD monitoring daemon...
         Starting Snappy daemon...
         Starting Apply the settings specified in cloud-config...
         Starting LSB: Record successful boot for GRUB...
         Starting System Logging Service...
         Starting LXD - container startup/shutdown...
[[0;32m  OK  [0m] Started iSCSI initiator daemon (iscsid).
[[0;32m  OK  [0m] Started /etc/rc.local Compatibility.
[[0;32m  OK  [0m] Started Login Service.
         Starting Authenticate and Authorize Users to Run Privileged Tasks...
         Starting Login to default iSCSI targets...
[[0;32m  OK  [0m] Started OpenBSD Secure Shell server.
[[0;32m  OK  [0m] Started System Logging Service.
[[0;32m  OK  [0m] Started LSB: MD monitoring daemon.
[[0;32m  OK  [0m] Started LSB: Record successful boot for GRUB.
[   35.961349] cloud-init[1094]: Cloud-init v. 18.2 running 'modules:config' at Sat, 02 Jun 2018 13:00:55 +0000. Up 35.35 seconds.
[[0;32m  OK  [0m] Started Authenticate and Authorize Users to Run Privileged Tasks.
[[0;32m  OK  [0m] Started Apply the settings specified in cloud-config.
[[0;32m  OK  [0m] Started Login to default iSCSI targets.
[[0;32m  OK  [0m] Started Accounts Service.
[[0;32m  OK  [0m] Reached target Remote File Systems (Pre).
[[0;32m  OK  [0m] Reached target Remote File Systems.
         Starting LSB: Apache2 web server...
         Starting LSB: automatic crash report generation...
         Starting LSB: Set the CPU Frequency Scaling governor to "ondemand"...
         Starting Permit User Sessions...
         Starting LSB: daemon to balance interrupts for SMP systems...
[[0;32m  OK  [0m] Started Virtualbox guest utils.
[[0;32m  OK  [0m] Started Permit User Sessions.
[[0;32m  OK  [0m] Started LSB: Set the CPU Frequency Scaling governor to "ondemand".
         Starting Hold until boot process finishes up...
         Starting Terminate Plymouth Boot Screen...
[[0;32m  OK  [0m] Started LSB: daemon to balance interrupts for SMP systems.
[[0;32m  OK  [0m] Started Hold until boot process finishes up.
[[0;32m  OK  [0m] Started Terminate Plymouth Boot Screen.
[[0;32m  OK  [0m] Started Serial Getty on ttyS0.
         Starting Set console scheme...
[[0;32m  OK  [0m] Started Getty on tty1.
[[0;32m  OK  [0m] Reached target Login Prompts.
[[0;32m  OK  [0m] Started LSB: automatic crash report generation.
[[0;32m  OK  [0m] Started Set console scheme.
[[0;32m  OK  [0m] Created slice User Slice of vagrant.
         Starting User Manager for UID 1000...
[[0;32m  OK  [0m] Started Session 1 of user vagrant.
[[0;32m  OK  [0m] Started User Manager for UID 1000.
[[0;32m  OK  [0m] Started LXD - container startup/shutdown.
[[0;32m  OK  [0m] Started Snappy daemon.

Ubuntu 16.04.4 LTS ubuntu-xenial ttyS0

ubuntu-xenial login: [   48.260203] cloud-init[1543]: Cloud-init v. 18.2 running 'modules:final' at Sat, 02 Jun 2018 13:01:07 +0000. Up 47.69 seconds.
[   48.260835] cloud-init[1543]: Cloud-init v. 18.2 finished at Sat, 02 Jun 2018 13:01:07 +0000. Datasource DataSourceNoCloud [seed=/dev/sdb][dsmode=net].  Up 48.25 seconds
